<?xml version="1.0" encoding="UTF-8"?>
<!-- Generated by org.testng.reporters.JUnitXMLReporter -->
<testsuite hostname="DT-ARRCHNNA" ignored="0" name="Test" tests="1" failures="1" timestamp="27 Jun 2017 06:34:04 GMT" time="0.029" errors="0">
  <testcase name="enterCity" time="0.013" classname="testscripts.Homepage">
    <failure type="java.lang.NullPointerException">
      <![CDATA[java.lang.NullPointerException
	at pageControllers.Commonlocators.getWebElement(Commonlocators.java:41)
	at testscripts.Homepage.enterCity(Homepage.java:23)
... Removed 25 stack frames]]>
    </failure>
  </testcase> <!-- enterCity -->
</testsuite> <!-- Test -->
